<?xml version="1.0" encoding="UTF-8"?>
<!-- Generated by org.testng.reporters.JUnitReportReporter -->
<testsuite hostname="Ashish" failures="0" tests="3" name="crm.tests.ContactsPageTests" time="33.833" errors="0" timestamp="2023-07-14T20:46:03 IST" skipped="0">
  <testcase classname="crm.tests.ContactsPageTests" name="ValidateCreateContact" time="12.053"/>
  <system-out/>
  <testcase classname="crm.tests.ContactsPageTests" name="ValidateCreateContact" time="10.769"/>
  <system-out/>
  <testcase classname="crm.tests.ContactsPageTests" name="ValidateCreateContact" time="11.011"/>
  <system-out/>
</testsuite> <!-- crm.tests.ContactsPageTests -->
