<?xml version="1.0" encoding="UTF-8"?>
<!-- Generated by org.testng.reporters.JUnitReportReporter -->
<testsuite hostname="Ashish" failures="0" tests="2" name="crm.tests.LoginPageTests" time="15.057" errors="0" timestamp="2023-07-14T20:34:30 IST" skipped="0">
  <testcase classname="crm.tests.LoginPageTests" name="validateLoginPageTitle" time="8.025"/>
  <system-out/>
  <testcase classname="crm.tests.LoginPageTests" name="loginCheck" time="7.032"/>
  <system-out/>
</testsuite> <!-- crm.tests.LoginPageTests -->
