<?xml version="1.0" encoding="UTF-8"?>
<!-- Generated by org.testng.reporters.JUnitReportReporter -->
<testsuite hostname="Ashish" failures="0" tests="3" name="crm.tests.ContactsPageTests" time="35.974" errors="0" timestamp="2023-07-14T22:09:28 IST" skipped="0">
  <testcase classname="crm.tests.ContactsPageTests" name="ValidateCreateContact" time="13.570"/>
  <system-out/>
  <testcase classname="crm.tests.ContactsPageTests" name="ValidateCreateContact" time="11.265"/>
  <system-out/>
  <testcase classname="crm.tests.ContactsPageTests" name="ValidateCreateContact" time="11.139"/>
  <system-out/>
</testsuite> <!-- crm.tests.ContactsPageTests -->
